# JRE version: Java(TM) SE Runtime Environment (21.0.9+7) (build 21.0.9+7-LTS-338)
# Java VM: Java HotSpot(TM) 64-Bit Server VM (21.0.9+7-LTS-338, mixed mode, emulated-client, sharing, tiered, compressed oops, compressed class ptrs, g1 gc, windows-amd64)
GC Precious Log:
 CardTable entry size: 512
 Card Set container configuration: InlinePtr #cards 5 size 8 Array Of Cards #cards 12 size 40 Howl #buckets 4 coarsen threshold 1843 Howl Bitmap #cards 512 size 80 coarsen threshold 460 Card regions per heap region 1 cards per card region 2048
 CPUs: 8 total, 8 available
 Memory: 6053M
 Large Page Support: Disabled
 NUMA Support: Disabled
 Compressed Oops: Enabled (32-bit)
 Heap Region Size: 1M
 Heap Min Capacity: 8M
 Heap Initial Capacity: 96M
 Heap Max Capacity: 1514M
 Pre-touch: Disabled
 Parallel Workers: 8
 Concurrent Workers: 2
 Concurrent Refinement Workers: 8
 Periodic GC: Disabled
Heap:
 garbage-first heap   total 219136K, used 106881K [0x00000000a1600000, 0x0000000100000000)
  region size 1024K, 21 young (21504K), 4 survivors (4096K)
 Metaspace       used 110479K, committed 111616K, reserved 1179648K
  class space    used 14726K, committed 15232K, reserved 1048576K
GC Heap History (20 events):
Event: 3330.496 GC heap before
{Heap before GC invocations=77 (full 3):
 garbage-first heap   total 219136K, used 190875K [0x00000000a1600000, 0x0000000100000000)
  region size 1024K, 118 young (120832K), 11 survivors (11264K)
 Metaspace       used 108093K, committed 109120K, reserved 1179648K
  class space    used 14543K, committed 14976K, reserved 1048576K
}
Event: 3330.521 GC heap after
{Heap after GC invocations=78 (full 3):
 garbage-first heap   total 219136K, used 88986K [0x00000000a1600000, 0x0000000100000000)
  region size 1024K, 15 young (15360K), 15 survivors (15360K)
 Metaspace       used 108093K, committed 109120K, reserved 1179648K
  class space    used 14543K, committed 14976K, reserved 1048576K
}
Event: 3332.950 GC heap before
{Heap before GC invocations=78 (full 3):
 garbage-first heap   total 219136K, used 126874K [0x00000000a1600000, 0x0000000100000000)
  region size 1024K, 53 young (54272K), 15 survivors (15360K)
 Metaspace       used 108169K, committed 109248K, reserved 1179648K
  class space    used 14562K, committed 15040K, reserved 1048576K
}
Event: 3333.112 GC heap after
{Heap after GC invocations=79 (full 4):
 garbage-first heap   total 219136K, used 66060K [0x00000000a1600000, 0x0000000100000000)
  region size 1024K, 0 young (0K), 0 survivors (0K)
 Metaspace       used 107958K, committed 109248K, reserved 1179648K
  class space    used 14515K, committed 15040K, reserved 1048576K
}
Event: 3337.563 GC heap before
{Heap before GC invocations=79 (full 4):
 garbage-first heap   total 219136K, used 193036K [0x00000000a1600000, 0x0000000100000000)
  region size 1024K, 124 young (126976K), 0 survivors (0K)
 Metaspace       used 108578K, committed 109632K, reserved 1179648K
  class space    used 14585K, committed 15040K, reserved 1048576K
}
Event: 3337.576 GC heap after
{Heap after GC invocations=80 (full 4):
 garbage-first heap   total 219136K, used 74087K [0x00000000a1600000, 0x0000000100000000)
  region size 1024K, 8 young (8192K), 8 survivors (8192K)
 Metaspace       used 108578K, committed 109632K, reserved 1179648K
  class space    used 14585K, committed 15040K, reserved 1048576K
}
Event: 3339.574 GC heap before
{Heap before GC invocations=81 (full 4):
 garbage-first heap   total 219136K, used 194919K [0x00000000a1600000, 0x0000000100000000)
  region size 1024K, 127 young (130048K), 8 survivors (8192K)
 Metaspace       used 109372K, committed 110400K, reserved 1179648K
  class space    used 14647K, committed 15104K, reserved 1048576K
}
Event: 3339.594 GC heap after
{Heap after GC invocations=82 (full 4):
 garbage-first heap   total 219136K, used 79578K [0x00000000a1600000, 0x0000000100000000)
  region size 1024K, 14 young (14336K), 14 survivors (14336K)
 Metaspace       used 109372K, committed 110400K, reserved 1179648K
  class space    used 14647K, committed 15104K, reserved 1048576K
}
Event: 3340.105 GC heap before
{Heap before GC invocations=82 (full 4):
 garbage-first heap   total 219136K, used 111322K [0x00000000a1600000, 0x0000000100000000)
  region size 1024K, 46 young (47104K), 14 survivors (14336K)
 Metaspace       used 109654K, committed 110656K, reserved 1179648K
  class space    used 14666K, committed 15104K, reserved 1048576K
}
Event: 3340.128 GC heap after
{Heap after GC invocations=83 (full 4):
 garbage-first heap   total 219136K, used 81890K [0x00000000a1600000, 0x0000000100000000)
  region size 1024K, 10 young (10240K), 10 survivors (10240K)
 Metaspace       used 109654K, committed 110656K, reserved 1179648K
  class space    used 14666K, committed 15104K, reserved 1048576K
}
Event: 3342.495 GC heap before
{Heap before GC invocations=84 (full 4):
 garbage-first heap   total 219136K, used 193506K [0x00000000a1600000, 0x0000000100000000)
  region size 1024K, 119 young (121856K), 10 survivors (10240K)
 Metaspace       used 109882K, committed 110848K, reserved 1179648K
  class space    used 14685K, committed 15104K, reserved 1048576K
}
Event: 3342.519 GC heap after
{Heap after GC invocations=85 (full 4):
 garbage-first heap   total 219136K, used 87693K [0x00000000a1600000, 0x0000000100000000)
  region size 1024K, 9 young (9216K), 9 survivors (9216K)
 Metaspace       used 109882K, committed 110848K, reserved 1179648K
  class space    used 14685K, committed 15104K, reserved 1048576K
}
Event: 3451.003 GC heap before
{Heap before GC invocations=85 (full 4):
 garbage-first heap   total 219136K, used 152205K [0x00000000a1600000, 0x0000000100000000)
  region size 1024K, 72 young (73728K), 9 survivors (9216K)
 Metaspace       used 110509K, committed 111488K, reserved 1179648K
  class space    used 14779K, committed 15232K, reserved 1048576K
}
Event: 3451.094 GC heap after
{Heap after GC invocations=86 (full 4):
 garbage-first heap   total 219136K, used 91660K [0x00000000a1600000, 0x0000000100000000)
  region size 1024K, 10 young (10240K), 10 survivors (10240K)
 Metaspace       used 110509K, committed 111488K, reserved 1179648K
  class space    used 14779K, committed 15232K, reserved 1048576K
}
Event: 3755.794 GC heap before
{Heap before GC invocations=87 (full 4):
 garbage-first heap   total 219136K, used 187916K [0x00000000a1600000, 0x0000000100000000)
  region size 1024K, 106 young (108544K), 10 survivors (10240K)
 Metaspace       used 110487K, committed 111552K, reserved 1179648K
  class space    used 14750K, committed 15232K, reserved 1048576K
}
Event: 3755.838 GC heap after
{Heap after GC invocations=88 (full 4):
 garbage-first heap   total 219136K, used 91010K [0x00000000a1600000, 0x0000000100000000)
  region size 1024K, 5 young (5120K), 5 survivors (5120K)
 Metaspace       used 110487K, committed 111552K, reserved 1179648K
  class space    used 14750K, committed 15232K, reserved 1048576K
}
Event: 4108.819 GC heap before
{Heap before GC invocations=89 (full 4):
 garbage-first heap   total 219136K, used 197506K [0x00000000a1600000, 0x0000000100000000)
  region size 1024K, 110 young (112640K), 5 survivors (5120K)
 Metaspace       used 110450K, committed 111616K, reserved 1179648K
  class space    used 14719K, committed 15232K, reserved 1048576K
}
Event: 4108.885 GC heap after
{Heap after GC invocations=90 (full 4):
 garbage-first heap   total 219136K, used 90492K [0x00000000a1600000, 0x0000000100000000)
  region size 1024K, 4 young (4096K), 4 survivors (4096K)
 Metaspace       used 110450K, committed 111616K, reserved 1179648K
  class space    used 14719K, committed 15232K, reserved 1048576K
}
Event: 4231.641 GC heap before
{Heap before GC invocations=90 (full 4):
 garbage-first heap   total 219136K, used 114044K [0x00000000a1600000, 0x0000000100000000)
  region size 1024K, 28 young (28672K), 4 survivors (4096K)
 Metaspace       used 110462K, committed 111616K, reserved 1179648K
  class space    used 14722K, committed 15232K, reserved 1048576K
}
Event: 4231.678 GC heap after
{Heap after GC invocations=91 (full 4):
 garbage-first heap   total 219136K, used 90497K [0x00000000a1600000, 0x0000000100000000)
  region size 1024K, 4 young (4096K), 4 survivors (4096K)
 Metaspace       used 110462K, committed 111616K, reserved 1179648K
  class space    used 14722K, committed 15232K, reserved 1048576K
}

