# JRE version: Java(TM) SE Runtime Environment (21.0.9+7) (build 21.0.9+7-LTS-338)
# Java VM: Java HotSpot(TM) 64-Bit Server VM (21.0.9+7-LTS-338, mixed mode, emulated-client, sharing, tiered, compressed oops, compressed class ptrs, g1 gc, windows-amd64)
GC Precious Log:
 CardTable entry size: 512
 Card Set container configuration: InlinePtr #cards 5 size 8 Array Of Cards #cards 12 size 40 Howl #buckets 4 coarsen threshold 1843 Howl Bitmap #cards 512 size 80 coarsen threshold 460 Card regions per heap region 1 cards per card region 2048
 CPUs: 8 total, 8 available
 Memory: 6053M
 Large Page Support: Disabled
 NUMA Support: Disabled
 Compressed Oops: Enabled (32-bit)
 Heap Region Size: 1M
 Heap Min Capacity: 8M
 Heap Initial Capacity: 96M
 Heap Max Capacity: 1514M
 Pre-touch: Disabled
 Parallel Workers: 8
 Concurrent Workers: 2
 Concurrent Refinement Workers: 8
 Periodic GC: Disabled
Heap:
 garbage-first heap   total 174080K, used 116426K [0x00000000a1600000, 0x0000000100000000)
  region size 1024K, 50 young (51200K), 5 survivors (5120K)
 Metaspace       used 107140K, committed 108608K, reserved 1179648K
  class space    used 14446K, committed 15104K, reserved 1048576K
GC Heap History (20 events):
Event: 10113.974 GC heap before
{Heap before GC invocations=122 (full 3):
 garbage-first heap   total 174080K, used 150205K [0x00000000a1600000, 0x0000000100000000)
  region size 1024K, 92 young (94208K), 7 survivors (7168K)
 Metaspace       used 105963K, committed 107392K, reserved 1179648K
  class space    used 14442K, committed 14976K, reserved 1048576K
}
Event: 10113.990 GC heap after
{Heap after GC invocations=123 (full 3):
 garbage-first heap   total 174080K, used 69950K [0x00000000a1600000, 0x0000000100000000)
  region size 1024K, 12 young (12288K), 12 survivors (12288K)
 Metaspace       used 105963K, committed 107392K, reserved 1179648K
  class space    used 14442K, committed 14976K, reserved 1048576K
}
Event: 10132.101 GC heap before
{Heap before GC invocations=123 (full 3):
 garbage-first heap   total 174080K, used 149822K [0x00000000a1600000, 0x0000000100000000)
  region size 1024K, 90 young (92160K), 12 survivors (12288K)
 Metaspace       used 106162K, committed 107456K, reserved 1179648K
  class space    used 14490K, committed 15040K, reserved 1048576K
}
Event: 10132.127 GC heap after
{Heap after GC invocations=124 (full 3):
 garbage-first heap   total 174080K, used 75649K [0x00000000a1600000, 0x0000000100000000)
  region size 1024K, 6 young (6144K), 6 survivors (6144K)
 Metaspace       used 106162K, committed 107456K, reserved 1179648K
  class space    used 14490K, committed 15040K, reserved 1048576K
}
Event: 10155.975 GC heap before
{Heap before GC invocations=124 (full 3):
 garbage-first heap   total 174080K, used 81793K [0x00000000a1600000, 0x0000000100000000)
  region size 1024K, 13 young (13312K), 6 survivors (6144K)
 Metaspace       used 106205K, committed 107456K, reserved 1179648K
  class space    used 14491K, committed 15040K, reserved 1048576K
}
Event: 10156.131 GC heap after
{Heap after GC invocations=125 (full 4):
 garbage-first heap   total 174080K, used 51738K [0x00000000a1600000, 0x0000000100000000)
  region size 1024K, 0 young (0K), 0 survivors (0K)
 Metaspace       used 105761K, committed 107456K, reserved 1179648K
  class space    used 14391K, committed 15040K, reserved 1048576K
}
Event: 10160.185 GC heap before
{Heap before GC invocations=125 (full 4):
 garbage-first heap   total 174080K, used 146970K [0x00000000a1600000, 0x0000000100000000)
  region size 1024K, 93 young (95232K), 0 survivors (0K)
 Metaspace       used 106214K, committed 107456K, reserved 1179648K
  class space    used 14436K, committed 15040K, reserved 1048576K
}
Event: 10160.201 GC heap after
{Heap after GC invocations=126 (full 4):
 garbage-first heap   total 174080K, used 58086K [0x00000000a1600000, 0x0000000100000000)
  region size 1024K, 7 young (7168K), 7 survivors (7168K)
 Metaspace       used 106214K, committed 107456K, reserved 1179648K
  class space    used 14436K, committed 15040K, reserved 1048576K
}
Event: 10162.267 GC heap before
{Heap before GC invocations=127 (full 4):
 garbage-first heap   total 174080K, used 148198K [0x00000000a1600000, 0x0000000100000000)
  region size 1024K, 96 young (98304K), 7 survivors (7168K)
 Metaspace       used 106554K, committed 107776K, reserved 1179648K
  class space    used 14465K, committed 15104K, reserved 1048576K
}
Event: 10162.278 GC heap after
{Heap after GC invocations=128 (full 4):
 garbage-first heap   total 174080K, used 62381K [0x00000000a1600000, 0x0000000100000000)
  region size 1024K, 11 young (11264K), 11 survivors (11264K)
 Metaspace       used 106554K, committed 107776K, reserved 1179648K
  class space    used 14465K, committed 15104K, reserved 1048576K
}
Event: 10164.231 GC heap before
{Heap before GC invocations=128 (full 4):
 garbage-first heap   total 174080K, used 149421K [0x00000000a1600000, 0x0000000100000000)
  region size 1024K, 96 young (98304K), 11 survivors (11264K)
 Metaspace       used 107146K, committed 108288K, reserved 1179648K
  class space    used 14503K, committed 15104K, reserved 1048576K
}
Event: 10164.245 GC heap after
{Heap after GC invocations=129 (full 4):
 garbage-first heap   total 174080K, used 67187K [0x00000000a1600000, 0x0000000100000000)
  region size 1024K, 10 young (10240K), 10 survivors (10240K)
 Metaspace       used 107146K, committed 108288K, reserved 1179648K
  class space    used 14503K, committed 15104K, reserved 1048576K
}
Event: 10171.176 GC heap before
{Heap before GC invocations=129 (full 4):
 garbage-first heap   total 174080K, used 143987K [0x00000000a1600000, 0x0000000100000000)
  region size 1024K, 87 young (89088K), 10 survivors (10240K)
 Metaspace       used 107345K, committed 108480K, reserved 1179648K
  class space    used 14520K, committed 15104K, reserved 1048576K
}
Event: 10171.193 GC heap after
{Heap after GC invocations=130 (full 4):
 garbage-first heap   total 174080K, used 70658K [0x00000000a1600000, 0x0000000100000000)
  region size 1024K, 9 young (9216K), 9 survivors (9216K)
 Metaspace       used 107345K, committed 108480K, reserved 1179648K
  class space    used 14520K, committed 15104K, reserved 1048576K
}
Event: 10172.601 GC heap before
{Heap before GC invocations=131 (full 4):
 garbage-first heap   total 174080K, used 98306K [0x00000000a1600000, 0x0000000100000000)
  region size 1024K, 36 young (36864K), 9 survivors (9216K)
 Metaspace       used 107407K, committed 108544K, reserved 1179648K
  class space    used 14524K, committed 15104K, reserved 1048576K
}
Event: 10172.620 GC heap after
{Heap after GC invocations=132 (full 4):
 garbage-first heap   total 174080K, used 71692K [0x00000000a1600000, 0x0000000100000000)
  region size 1024K, 5 young (5120K), 5 survivors (5120K)
 Metaspace       used 107407K, committed 108544K, reserved 1179648K
  class space    used 14524K, committed 15104K, reserved 1048576K
}
Event: 10693.601 GC heap before
{Heap before GC invocations=133 (full 4):
 garbage-first heap   total 174080K, used 155660K [0x00000000a1600000, 0x0000000100000000)
  region size 1024K, 88 young (90112K), 5 survivors (5120K)
 Metaspace       used 107437K, committed 108608K, reserved 1179648K
  class space    used 14527K, committed 15104K, reserved 1048576K
}
Event: 10693.614 GC heap after
{Heap after GC invocations=134 (full 4):
 garbage-first heap   total 174080K, used 72075K [0x00000000a1600000, 0x0000000100000000)
  region size 1024K, 6 young (6144K), 6 survivors (6144K)
 Metaspace       used 107437K, committed 108608K, reserved 1179648K
  class space    used 14527K, committed 15104K, reserved 1048576K
}
Event: 10858.201 GC heap before
{Heap before GC invocations=134 (full 4):
 garbage-first heap   total 174080K, used 89483K [0x00000000a1600000, 0x0000000100000000)
  region size 1024K, 25 young (25600K), 6 survivors (6144K)
 Metaspace       used 107447K, committed 108608K, reserved 1179648K
  class space    used 14529K, committed 15104K, reserved 1048576K
}
Event: 10858.212 GC heap after
{Heap after GC invocations=135 (full 4):
 garbage-first heap   total 174080K, used 71370K [0x00000000a1600000, 0x0000000100000000)
  region size 1024K, 5 young (5120K), 5 survivors (5120K)
 Metaspace       used 107447K, committed 108608K, reserved 1179648K
  class space    used 14529K, committed 15104K, reserved 1048576K
}

