# JRE version: Java(TM) SE Runtime Environment (21.0.9+7) (build 21.0.9+7-LTS-338)
# Java VM: Java HotSpot(TM) 64-Bit Server VM (21.0.9+7-LTS-338, mixed mode, emulated-client, sharing, tiered, compressed oops, compressed class ptrs, g1 gc, windows-amd64)
GC Precious Log:
 CardTable entry size: 512
 Card Set container configuration: InlinePtr #cards 5 size 8 Array Of Cards #cards 12 size 40 Howl #buckets 4 coarsen threshold 1843 Howl Bitmap #cards 512 size 80 coarsen threshold 460 Card regions per heap region 1 cards per card region 2048
 CPUs: 8 total, 8 available
 Memory: 6053M
 Large Page Support: Disabled
 NUMA Support: Disabled
 Compressed Oops: Enabled (32-bit)
 Heap Region Size: 1M
 Heap Min Capacity: 8M
 Heap Initial Capacity: 96M
 Heap Max Capacity: 1514M
 Pre-touch: Disabled
 Parallel Workers: 8
 Concurrent Workers: 2
 Concurrent Refinement Workers: 8
 Periodic GC: Disabled
Heap:
 garbage-first heap   total 141312K, used 125319K [0x00000000a1600000, 0x0000000100000000)
  region size 1024K, 62 young (63488K), 5 survivors (5120K)
 Metaspace       used 104213K, committed 105088K, reserved 1179648K
  class space    used 14071K, committed 14464K, reserved 1048576K
GC Heap History (20 events):
Event: 340.461 GC heap after
{Heap after GC invocations=54 (full 1):
 garbage-first heap   total 141312K, used 70772K [0x00000000a1600000, 0x0000000100000000)
  region size 1024K, 5 young (5120K), 5 survivors (5120K)
 Metaspace       used 102180K, committed 103104K, reserved 1179648K
  class space    used 13908K, committed 14336K, reserved 1048576K
}
Event: 342.479 GC heap before
{Heap before GC invocations=54 (full 1):
 garbage-first heap   total 141312K, used 99444K [0x00000000a1600000, 0x0000000100000000)
  region size 1024K, 34 young (34816K), 5 survivors (5120K)
 Metaspace       used 102226K, committed 103168K, reserved 1179648K
  class space    used 13920K, committed 14336K, reserved 1048576K
}
Event: 342.641 GC heap after
{Heap after GC invocations=55 (full 2):
 garbage-first heap   total 141312K, used 50684K [0x00000000a1600000, 0x0000000100000000)
  region size 1024K, 0 young (0K), 0 survivors (0K)
 Metaspace       used 101966K, committed 103168K, reserved 1179648K
  class space    used 13861K, committed 14336K, reserved 1048576K
}
Event: 347.097 GC heap before
{Heap before GC invocations=55 (full 2):
 garbage-first heap   total 141312K, used 125436K [0x00000000a1600000, 0x0000000100000000)
  region size 1024K, 73 young (74752K), 0 survivors (0K)
 Metaspace       used 102464K, committed 103424K, reserved 1179648K
  class space    used 13912K, committed 14400K, reserved 1048576K
}
Event: 347.109 GC heap after
{Heap after GC invocations=56 (full 2):
 garbage-first heap   total 141312K, used 56060K [0x00000000a1600000, 0x0000000100000000)
  region size 1024K, 6 young (6144K), 6 survivors (6144K)
 Metaspace       used 102464K, committed 103424K, reserved 1179648K
  class space    used 13912K, committed 14400K, reserved 1048576K
}
Event: 348.631 GC heap before
{Heap before GC invocations=56 (full 2):
 garbage-first heap   total 141312K, used 123644K [0x00000000a1600000, 0x0000000100000000)
  region size 1024K, 72 young (73728K), 6 survivors (6144K)
 Metaspace       used 102487K, committed 103488K, reserved 1179648K
  class space    used 13915K, committed 14400K, reserved 1048576K
}
Event: 348.644 GC heap after
{Heap after GC invocations=57 (full 2):
 garbage-first heap   total 141312K, used 58998K [0x00000000a1600000, 0x0000000100000000)
  region size 1024K, 4 young (4096K), 4 survivors (4096K)
 Metaspace       used 102487K, committed 103488K, reserved 1179648K
  class space    used 13915K, committed 14400K, reserved 1048576K
}
Event: 350.267 GC heap before
{Heap before GC invocations=57 (full 2):
 garbage-first heap   total 141312K, used 125558K [0x00000000a1600000, 0x0000000100000000)
  region size 1024K, 69 young (70656K), 4 survivors (4096K)
 Metaspace       used 102984K, committed 103936K, reserved 1179648K
  class space    used 13951K, committed 14400K, reserved 1048576K
}
Event: 350.277 GC heap after
{Heap after GC invocations=58 (full 2):
 garbage-first heap   total 141312K, used 62532K [0x00000000a1600000, 0x0000000100000000)
  region size 1024K, 7 young (7168K), 7 survivors (7168K)
 Metaspace       used 102984K, committed 103936K, reserved 1179648K
  class space    used 13951K, committed 14400K, reserved 1048576K
}
Event: 351.710 GC heap before
{Heap before GC invocations=59 (full 2):
 garbage-first heap   total 141312K, used 122948K [0x00000000a1600000, 0x0000000100000000)
  region size 1024K, 66 young (67584K), 7 survivors (7168K)
 Metaspace       used 103477K, committed 104448K, reserved 1179648K
  class space    used 13982K, committed 14464K, reserved 1048576K
}
Event: 351.729 GC heap after
{Heap after GC invocations=60 (full 2):
 garbage-first heap   total 141312K, used 65926K [0x00000000a1600000, 0x0000000100000000)
  region size 1024K, 8 young (8192K), 8 survivors (8192K)
 Metaspace       used 103477K, committed 104448K, reserved 1179648K
  class space    used 13982K, committed 14464K, reserved 1048576K
}
Event: 352.943 GC heap before
{Heap before GC invocations=60 (full 2):
 garbage-first heap   total 141312K, used 121222K [0x00000000a1600000, 0x0000000100000000)
  region size 1024K, 62 young (63488K), 8 survivors (8192K)
 Metaspace       used 103489K, committed 104448K, reserved 1179648K
  class space    used 13985K, committed 14464K, reserved 1048576K
}
Event: 352.964 GC heap after
{Heap after GC invocations=61 (full 2):
 garbage-first heap   total 141312K, used 68421K [0x00000000a1600000, 0x0000000100000000)
  region size 1024K, 7 young (7168K), 7 survivors (7168K)
 Metaspace       used 103489K, committed 104448K, reserved 1179648K
  class space    used 13985K, committed 14464K, reserved 1048576K
}
Event: 355.556 GC heap before
{Heap before GC invocations=61 (full 2):
 garbage-first heap   total 141312K, used 100165K [0x00000000a1600000, 0x0000000100000000)
  region size 1024K, 39 young (39936K), 7 survivors (7168K)
 Metaspace       used 103493K, committed 104448K, reserved 1179648K
  class space    used 13986K, committed 14464K, reserved 1048576K
}
Event: 355.697 GC heap after
{Heap after GC invocations=62 (full 3):
 garbage-first heap   total 141312K, used 59888K [0x00000000a1600000, 0x0000000100000000)
  region size 1024K, 0 young (0K), 0 survivors (0K)
 Metaspace       used 103483K, committed 104448K, reserved 1179648K
  class space    used 13984K, committed 14464K, reserved 1048576K
}
Event: 358.130 GC heap before
{Heap before GC invocations=62 (full 3):
 garbage-first heap   total 141312K, used 126448K [0x00000000a1600000, 0x0000000100000000)
  region size 1024K, 65 young (66560K), 0 survivors (0K)
 Metaspace       used 103958K, committed 104896K, reserved 1179648K
  class space    used 14046K, committed 14464K, reserved 1048576K
}
Event: 358.143 GC heap after
{Heap after GC invocations=63 (full 3):
 garbage-first heap   total 141312K, used 65213K [0x00000000a1600000, 0x0000000100000000)
  region size 1024K, 6 young (6144K), 6 survivors (6144K)
 Metaspace       used 103958K, committed 104896K, reserved 1179648K
  class space    used 14046K, committed 14464K, reserved 1048576K
}
Event: 359.524 GC heap before
{Heap before GC invocations=64 (full 3):
 garbage-first heap   total 141312K, used 122557K [0x00000000a1600000, 0x0000000100000000)
  region size 1024K, 62 young (63488K), 6 survivors (6144K)
 Metaspace       used 103989K, committed 104896K, reserved 1179648K
  class space    used 14050K, committed 14464K, reserved 1048576K
}
Event: 359.536 GC heap after
{Heap after GC invocations=65 (full 3):
 garbage-first heap   total 141312K, used 66951K [0x00000000a1600000, 0x0000000100000000)
  region size 1024K, 3 young (3072K), 3 survivors (3072K)
 Metaspace       used 103989K, committed 104896K, reserved 1179648K
  class space    used 14050K, committed 14464K, reserved 1048576K
}
Event: 362.325 GC heap before
{Heap before GC invocations=65 (full 3):
 garbage-first heap   total 141312K, used 125319K [0x00000000a1600000, 0x0000000100000000)
  region size 1024K, 60 young (61440K), 3 survivors (3072K)
 Metaspace       used 104213K, committed 105088K, reserved 1179648K
  class space    used 14071K, committed 14464K, reserved 1048576K
}

