# JRE version: Java(TM) SE Runtime Environment (21.0.9+7) (build 21.0.9+7-LTS-338)
# Java VM: Java HotSpot(TM) 64-Bit Server VM (21.0.9+7-LTS-338, mixed mode, emulated-client, sharing, tiered, compressed oops, compressed class ptrs, g1 gc, windows-amd64)
GC Precious Log:
 CardTable entry size: 512
 Card Set container configuration: InlinePtr #cards 5 size 8 Array Of Cards #cards 12 size 40 Howl #buckets 4 coarsen threshold 1843 Howl Bitmap #cards 512 size 80 coarsen threshold 460 Card regions per heap region 1 cards per card region 2048
 CPUs: 8 total, 8 available
 Memory: 6053M
 Large Page Support: Disabled
 NUMA Support: Disabled
 Compressed Oops: Enabled (32-bit)
 Heap Region Size: 1M
 Heap Min Capacity: 8M
 Heap Initial Capacity: 96M
 Heap Max Capacity: 1514M
 Pre-touch: Disabled
 Parallel Workers: 8
 Concurrent Workers: 2
 Concurrent Refinement Workers: 8
 Periodic GC: Disabled
Heap:
 garbage-first heap   total 178176K, used 100221K [0x00000000a1600000, 0x0000000100000000)
  region size 1024K, 38 young (38912K), 5 survivors (5120K)
 Metaspace       used 104000K, committed 104960K, reserved 1179648K
  class space    used 14126K, committed 14528K, reserved 1048576K
GC Heap History (20 events):
Event: 6013.113 GC heap before
{Heap before GC invocations=88 (full 4):
 garbage-first heap   total 178176K, used 155009K [0x00000000a1600000, 0x0000000100000000)
  region size 1024K, 86 young (88064K), 9 survivors (9216K)
 Metaspace       used 104739K, committed 105664K, reserved 1179648K
  class space    used 14081K, committed 14528K, reserved 1048576K
}
Event: 6013.139 GC heap after
{Heap after GC invocations=89 (full 4):
 garbage-first heap   total 178176K, used 79962K [0x00000000a1600000, 0x0000000100000000)
  region size 1024K, 10 young (10240K), 10 survivors (10240K)
 Metaspace       used 104739K, committed 105664K, reserved 1179648K
  class space    used 14081K, committed 14528K, reserved 1048576K
}
Event: 6013.584 GC heap before
{Heap before GC invocations=89 (full 4):
 garbage-first heap   total 178176K, used 102490K [0x00000000a1600000, 0x0000000100000000)
  region size 1024K, 33 young (33792K), 10 survivors (10240K)
 Metaspace       used 104739K, committed 105664K, reserved 1179648K
  class space    used 14081K, committed 14528K, reserved 1048576K
}
Event: 6013.604 GC heap after
{Heap after GC invocations=90 (full 4):
 garbage-first heap   total 178176K, used 81327K [0x00000000a1600000, 0x0000000100000000)
  region size 1024K, 6 young (6144K), 6 survivors (6144K)
 Metaspace       used 104739K, committed 105664K, reserved 1179648K
  class space    used 14081K, committed 14528K, reserved 1048576K
}
Event: 6144.181 GC heap before
{Heap before GC invocations=91 (full 4):
 garbage-first heap   total 178176K, used 142767K [0x00000000a1600000, 0x0000000100000000)
  region size 1024K, 68 young (69632K), 6 survivors (6144K)
 Metaspace       used 104796K, committed 105728K, reserved 1179648K
  class space    used 14085K, committed 14528K, reserved 1048576K
}
Event: 6144.195 GC heap after
{Heap after GC invocations=92 (full 4):
 garbage-first heap   total 178176K, used 82614K [0x00000000a1600000, 0x0000000100000000)
  region size 1024K, 7 young (7168K), 7 survivors (7168K)
 Metaspace       used 104796K, committed 105728K, reserved 1179648K
  class space    used 14085K, committed 14528K, reserved 1048576K
}
Event: 6298.224 GC heap before
{Heap before GC invocations=93 (full 4):
 garbage-first heap   total 178176K, used 158390K [0x00000000a1600000, 0x0000000100000000)
  region size 1024K, 81 young (82944K), 7 survivors (7168K)
 Metaspace       used 101638K, committed 104576K, reserved 1179648K
  class space    used 13822K, committed 14528K, reserved 1048576K
}
Event: 6298.242 GC heap after
{Heap after GC invocations=94 (full 4):
 garbage-first heap   total 178176K, used 83308K [0x00000000a1600000, 0x0000000100000000)
  region size 1024K, 5 young (5120K), 5 survivors (5120K)
 Metaspace       used 101638K, committed 104576K, reserved 1179648K
  class space    used 13822K, committed 14528K, reserved 1048576K
}
Event: 6675.663 GC heap before
{Heap before GC invocations=94 (full 4):
 garbage-first heap   total 178176K, used 153964K [0x00000000a1600000, 0x0000000100000000)
  region size 1024K, 76 young (77824K), 5 survivors (5120K)
 Metaspace       used 101706K, committed 104576K, reserved 1179648K
  class space    used 13830K, committed 14528K, reserved 1048576K
}
Event: 6675.682 GC heap after
{Heap after GC invocations=95 (full 4):
 garbage-first heap   total 178176K, used 82751K [0x00000000a1600000, 0x0000000100000000)
  region size 1024K, 5 young (5120K), 5 survivors (5120K)
 Metaspace       used 101706K, committed 104576K, reserved 1179648K
  class space    used 13830K, committed 14528K, reserved 1048576K
}
Event: 6735.661 GC heap before
{Heap before GC invocations=96 (full 4):
 garbage-first heap   total 178176K, used 158527K [0x00000000a1600000, 0x0000000100000000)
  region size 1024K, 80 young (81920K), 5 survivors (5120K)
 Metaspace       used 103273K, committed 104576K, reserved 1179648K
  class space    used 14037K, committed 14528K, reserved 1048576K
}
Event: 6735.671 GC heap after
{Heap after GC invocations=97 (full 4):
 garbage-first heap   total 178176K, used 84417K [0x00000000a1600000, 0x0000000100000000)
  region size 1024K, 6 young (6144K), 6 survivors (6144K)
 Metaspace       used 103273K, committed 104576K, reserved 1179648K
  class space    used 14037K, committed 14528K, reserved 1048576K
}
Event: 6752.487 GC heap before
{Heap before GC invocations=97 (full 4):
 garbage-first heap   total 178176K, used 160193K [0x00000000a1600000, 0x0000000100000000)
  region size 1024K, 79 young (80896K), 6 survivors (6144K)
 Metaspace       used 103494K, committed 104576K, reserved 1179648K
  class space    used 14067K, committed 14528K, reserved 1048576K
}
Event: 6752.517 GC heap after
{Heap after GC invocations=98 (full 4):
 garbage-first heap   total 178176K, used 71478K [0x00000000a1600000, 0x0000000100000000)
  region size 1024K, 7 young (7168K), 7 survivors (7168K)
 Metaspace       used 103494K, committed 104576K, reserved 1179648K
  class space    used 14067K, committed 14528K, reserved 1048576K
}
Event: 6752.938 GC heap before
{Heap before GC invocations=98 (full 4):
 garbage-first heap   total 178176K, used 87862K [0x00000000a1600000, 0x0000000100000000)
  region size 1024K, 24 young (24576K), 7 survivors (7168K)
 Metaspace       used 103561K, committed 104640K, reserved 1179648K
  class space    used 14072K, committed 14528K, reserved 1048576K
}
Event: 6752.948 GC heap after
{Heap after GC invocations=99 (full 4):
 garbage-first heap   total 178176K, used 70951K [0x00000000a1600000, 0x0000000100000000)
  region size 1024K, 6 young (6144K), 6 survivors (6144K)
 Metaspace       used 103561K, committed 104640K, reserved 1179648K
  class space    used 14072K, committed 14528K, reserved 1048576K
}
Event: 6881.604 GC heap before
{Heap before GC invocations=100 (full 4):
 garbage-first heap   total 178176K, used 162087K [0x00000000a1600000, 0x0000000100000000)
  region size 1024K, 94 young (96256K), 6 survivors (6144K)
 Metaspace       used 103863K, committed 104832K, reserved 1179648K
  class space    used 14116K, committed 14528K, reserved 1048576K
}
Event: 6881.621 GC heap after
{Heap after GC invocations=101 (full 4):
 garbage-first heap   total 178176K, used 71597K [0x00000000a1600000, 0x0000000100000000)
  region size 1024K, 7 young (7168K), 7 survivors (7168K)
 Metaspace       used 103863K, committed 104832K, reserved 1179648K
  class space    used 14116K, committed 14528K, reserved 1048576K
}
Event: 6976.931 GC heap before
{Heap before GC invocations=101 (full 4):
 garbage-first heap   total 178176K, used 158637K [0x00000000a1600000, 0x0000000100000000)
  region size 1024K, 93 young (95232K), 7 survivors (7168K)
 Metaspace       used 103956K, committed 104896K, reserved 1179648K
  class space    used 14124K, committed 14528K, reserved 1048576K
}
Event: 6976.947 GC heap after
{Heap after GC invocations=102 (full 4):
 garbage-first heap   total 178176K, used 68477K [0x00000000a1600000, 0x0000000100000000)
  region size 1024K, 5 young (5120K), 5 survivors (5120K)
 Metaspace       used 103956K, committed 104896K, reserved 1179648K
  class space    used 14124K, committed 14528K, reserved 1048576K
}

