# JRE version: Java(TM) SE Runtime Environment (21.0.9+7) (build 21.0.9+7-LTS-338)
# Java VM: Java HotSpot(TM) 64-Bit Server VM (21.0.9+7-LTS-338, mixed mode, emulated-client, sharing, tiered, compressed oops, compressed class ptrs, g1 gc, windows-amd64)
GC Precious Log:
 CardTable entry size: 512
 Card Set container configuration: InlinePtr #cards 5 size 8 Array Of Cards #cards 12 size 40 Howl #buckets 4 coarsen threshold 1843 Howl Bitmap #cards 512 size 80 coarsen threshold 460 Card regions per heap region 1 cards per card region 2048
 CPUs: 8 total, 8 available
 Memory: 6053M
 Large Page Support: Disabled
 NUMA Support: Disabled
 Compressed Oops: Enabled (32-bit)
 Heap Region Size: 1M
 Heap Min Capacity: 8M
 Heap Initial Capacity: 96M
 Heap Max Capacity: 1514M
 Pre-touch: Disabled
 Parallel Workers: 8
 Concurrent Workers: 2
 Concurrent Refinement Workers: 8
 Periodic GC: Disabled
Heap:
 garbage-first heap   total 142336K, used 112717K [0x00000000a1600000, 0x0000000100000000)
  region size 1024K, 40 young (40960K), 3 survivors (3072K)
 Metaspace       used 104426K, committed 105536K, reserved 1179648K
  class space    used 14171K, committed 14656K, reserved 1048576K
GC Heap History (20 events):
Event: 45345.148 GC heap after
{Heap after GC invocations=73 (full 2):
 garbage-first heap   total 142336K, used 59610K [0x00000000a1600000, 0x0000000100000000)
  region size 1024K, 5 young (5120K), 5 survivors (5120K)
 Metaspace       used 102713K, committed 103616K, reserved 1179648K
  class space    used 13984K, committed 14400K, reserved 1048576K
}
Event: 45345.228 GC heap before
{Heap before GC invocations=73 (full 2):
 garbage-first heap   total 142336K, used 63706K [0x00000000a1600000, 0x0000000100000000)
  region size 1024K, 10 young (10240K), 5 survivors (5120K)
 Metaspace       used 102721K, committed 103616K, reserved 1179648K
  class space    used 13986K, committed 14400K, reserved 1048576K
}
Event: 45345.233 GC heap after
{Heap after GC invocations=74 (full 2):
 garbage-first heap   total 142336K, used 59801K [0x00000000a1600000, 0x0000000100000000)
  region size 1024K, 5 young (5120K), 5 survivors (5120K)
 Metaspace       used 102721K, committed 103616K, reserved 1179648K
  class space    used 13986K, committed 14400K, reserved 1048576K
}
Event: 45346.451 GC heap before
{Heap before GC invocations=75 (full 2):
 garbage-first heap   total 142336K, used 126361K [0x00000000a1600000, 0x0000000100000000)
  region size 1024K, 70 young (71680K), 5 survivors (5120K)
 Metaspace       used 103251K, committed 104192K, reserved 1179648K
  class space    used 14028K, committed 14464K, reserved 1048576K
}
Event: 45346.459 GC heap after
{Heap after GC invocations=76 (full 2):
 garbage-first heap   total 142336K, used 64020K [0x00000000a1600000, 0x0000000100000000)
  region size 1024K, 9 young (9216K), 9 survivors (9216K)
 Metaspace       used 103251K, committed 104192K, reserved 1179648K
  class space    used 14028K, committed 14464K, reserved 1048576K
}
Event: 45346.613 GC heap before
{Heap before GC invocations=76 (full 2):
 garbage-first heap   total 142336K, used 77332K [0x00000000a1600000, 0x0000000100000000)
  region size 1024K, 23 young (23552K), 9 survivors (9216K)
 Metaspace       used 103404K, committed 104320K, reserved 1179648K
  class space    used 14038K, committed 14464K, reserved 1048576K
}
Event: 45346.622 GC heap after
{Heap after GC invocations=77 (full 2):
 garbage-first heap   total 142336K, used 65214K [0x00000000a1600000, 0x0000000100000000)
  region size 1024K, 7 young (7168K), 7 survivors (7168K)
 Metaspace       used 103404K, committed 104320K, reserved 1179648K
  class space    used 14038K, committed 14464K, reserved 1048576K
}
Event: 45347.423 GC heap before
{Heap before GC invocations=78 (full 2):
 garbage-first heap   total 142336K, used 123582K [0x00000000a1600000, 0x0000000100000000)
  region size 1024K, 64 young (65536K), 7 survivors (7168K)
 Metaspace       used 103669K, committed 104640K, reserved 1179648K
  class space    used 14071K, committed 14528K, reserved 1048576K
}
Event: 45347.432 GC heap after
{Heap after GC invocations=79 (full 2):
 garbage-first heap   total 142336K, used 69214K [0x00000000a1600000, 0x0000000100000000)
  region size 1024K, 6 young (6144K), 6 survivors (6144K)
 Metaspace       used 103669K, committed 104640K, reserved 1179648K
  class space    used 14071K, committed 14528K, reserved 1048576K
}
Event: 45348.213 GC heap before
{Heap before GC invocations=79 (full 2):
 garbage-first heap   total 142336K, used 125534K [0x00000000a1600000, 0x0000000100000000)
  region size 1024K, 61 young (62464K), 6 survivors (6144K)
 Metaspace       used 103870K, committed 104896K, reserved 1179648K
  class space    used 14120K, committed 14592K, reserved 1048576K
}
Event: 45348.223 GC heap after
{Heap after GC invocations=80 (full 2):
 garbage-first heap   total 142336K, used 73518K [0x00000000a1600000, 0x0000000100000000)
  region size 1024K, 5 young (5120K), 5 survivors (5120K)
 Metaspace       used 103870K, committed 104896K, reserved 1179648K
  class space    used 14120K, committed 14592K, reserved 1048576K
}
Event: 45372.346 GC heap before
{Heap before GC invocations=80 (full 2):
 garbage-first heap   total 142336K, used 104238K [0x00000000a1600000, 0x0000000100000000)
  region size 1024K, 37 young (37888K), 5 survivors (5120K)
 Metaspace       used 104143K, committed 105216K, reserved 1179648K
  class space    used 14146K, committed 14656K, reserved 1048576K
}
Event: 45372.352 GC heap after
{Heap after GC invocations=81 (full 2):
 garbage-first heap   total 142336K, used 76276K [0x00000000a1600000, 0x0000000100000000)
  region size 1024K, 7 young (7168K), 7 survivors (7168K)
 Metaspace       used 104143K, committed 105216K, reserved 1179648K
  class space    used 14146K, committed 14656K, reserved 1048576K
}
Event: 45382.690 GC heap before
{Heap before GC invocations=82 (full 2):
 garbage-first heap   total 142336K, used 126452K [0x00000000a1600000, 0x0000000100000000)
  region size 1024K, 55 young (56320K), 7 survivors (7168K)
 Metaspace       used 104342K, committed 105408K, reserved 1179648K
  class space    used 14162K, committed 14656K, reserved 1048576K
}
Event: 45382.695 GC heap after
{Heap after GC invocations=83 (full 2):
 garbage-first heap   total 142336K, used 75389K [0x00000000a1600000, 0x0000000100000000)
  region size 1024K, 3 young (3072K), 3 survivors (3072K)
 Metaspace       used 104342K, committed 105408K, reserved 1179648K
  class space    used 14162K, committed 14656K, reserved 1048576K
}
Event: 45383.161 GC heap before
{Heap before GC invocations=83 (full 2):
 garbage-first heap   total 142336K, used 93821K [0x00000000a1600000, 0x0000000100000000)
  region size 1024K, 23 young (23552K), 3 survivors (3072K)
 Metaspace       used 104380K, committed 105472K, reserved 1179648K
  class space    used 14164K, committed 14656K, reserved 1048576K
}
Event: 45383.164 GC heap after
{Heap after GC invocations=84 (full 2):
 garbage-first heap   total 142336K, used 75482K [0x00000000a1600000, 0x0000000100000000)
  region size 1024K, 3 young (3072K), 3 survivors (3072K)
 Metaspace       used 104380K, committed 105472K, reserved 1179648K
  class space    used 14164K, committed 14656K, reserved 1048576K
}
Event: 45874.520 GC heap before
{Heap before GC invocations=85 (full 2):
 garbage-first heap   total 142336K, used 127706K [0x00000000a1600000, 0x0000000100000000)
  region size 1024K, 55 young (56320K), 3 survivors (3072K)
 Metaspace       used 104380K, committed 105472K, reserved 1179648K
  class space    used 14164K, committed 14656K, reserved 1048576K
}
Event: 45874.660 GC heap after
{Heap after GC invocations=86 (full 2):
 garbage-first heap   total 142336K, used 75350K [0x00000000a1600000, 0x0000000100000000)
  region size 1024K, 3 young (3072K), 3 survivors (3072K)
 Metaspace       used 104380K, committed 105472K, reserved 1179648K
  class space    used 14164K, committed 14656K, reserved 1048576K
}
Event: 46190.835 GC heap before
{Heap before GC invocations=86 (full 2):
 garbage-first heap   total 142336K, used 112214K [0x00000000a1600000, 0x0000000100000000)
  region size 1024K, 40 young (40960K), 3 survivors (3072K)
 Metaspace       used 104426K, committed 105536K, reserved 1179648K
  class space    used 14171K, committed 14656K, reserved 1048576K
}

